2025-03-26 22:14:33,750 - INFO - Logging initialized at 2025-03-26 22:14:33
2025-03-26 22:14:33,750 - INFO - Log file: logs\pgrwq_training_20250326_221433.log
2025-03-26 22:14:33,751 - INFO - PG-RWQ Training Pipeline Starting
2025-03-26 22:14:33,751 - INFO - System time: 2025-03-26 22:14:33
2025-03-26 22:14:33,751 - INFO - Python version: 3.9.21 (main, Dec 11 2024, 16:35:24) [MSC v.1929 64 bit (AMD64)]
2025-03-26 22:14:33,751 - INFO - PyTorch version: 2.5.1
2025-03-26 22:14:33,753 - INFO - Started periodic memory monitoring (interval: 30s)
2025-03-26 22:14:33,754 - INFO - [Periodic Check] [MEMORY] GPU Memory: 0.0MB / 8191.5MB (0.0%) | Peak: 0.0MB | Process Memory: 450.1MB | System Memory: 17.0GB / 63.7GB (26.7%)
2025-03-26 22:14:33,756 - INFO - Created/verified directory for GPU memory logs: D:\PGRWQ\src_PGRWQ\logs
2025-03-26 22:14:33,756 - INFO - Created GPU memory log file: D:\PGRWQ\src_PGRWQ\logs\gpu_memory_log.csv
2025-03-26 22:14:33,757 - INFO - [Initial GPU Status] [MEMORY] GPU Memory: 0.0MB / 8191.5MB (0.0%) | Peak: 0.0MB | Process Memory: 450.2MB | System Memory: 17.0GB / 63.7GB (26.7%)
2025-03-26 22:14:33,758 - INFO - [Setting Working Directory START] [MEMORY] GPU Memory: 0.0MB / 8191.5MB (0.0%) | Peak: 0.0MB | Process Memory: 450.2MB | System Memory: 17.0GB / 63.7GB (26.7%)
2025-03-26 22:14:33,759 - INFO - [Setting Working Directory END] [MEMORY] GPU Memory: 0.0MB / 8191.5MB (0.0%) | Peak: 0.0MB | Process Memory: 450.3MB | System Memory: 17.0GB / 63.7GB (26.7%)
2025-03-26 22:14:33,759 - INFO - [TIMING] Setting Working Directory completed in 0.00 seconds
2025-03-26 22:14:33,760 - INFO - [Feature Definition START] [MEMORY] GPU Memory: 0.0MB / 8191.5MB (0.0%) | Peak: 0.0MB | Process Memory: 450.4MB | System Memory: 17.0GB / 63.7GB (26.7%)
2025-03-26 22:14:33,761 - INFO - [Feature Definition END] [MEMORY] GPU Memory: 0.0MB / 8191.5MB (0.0%) | Peak: 0.0MB | Process Memory: 450.4MB | System Memory: 17.0GB / 63.7GB (26.7%)
2025-03-26 22:14:33,762 - INFO - [TIMING] Feature Definition completed in 0.00 seconds
2025-03-26 22:14:33,762 - INFO - 输入特征列表: ['surface_net_solar_radiation_mean', 'surface_pressure_mean', 'temperature_2m_mean', 'u_component_of_wind_10m_mean', 'v_component_of_wind_10m_mean', 'volumetric_soil_water_layer_1_mean', 'volumetric_soil_water_layer_2_mean', 'temperature_2m_min', 'temperature_2m_max', 'total_precipitation_sum', 'potential_evaporation_sum', 'Qout'] (维度: 12)
2025-03-26 22:14:33,762 - INFO - 属性特征列表: ['pre_mm_syr', 'pet_mean', 'aridity', 'seasonality', 'high_prec_freq', 'crp_pc_sse', 'for_pc_sse', 'urb_pc_sse', 'wet_pc_s01', 'nli_ix_sav', 'pop_ct_usu', 'dis_m3_pyr', 'run_mm_syr', 'cly_pc_sav', 'soc_th_sav', 'ele_mt_sav', 'slp_dg_sav', 'sgr_dk_sav', 'moisture_index', 'ero_kh_sav'] (维度: 20)
2025-03-26 22:14:33,763 - INFO - [Device Setup START] [MEMORY] GPU Memory: 0.0MB / 8191.5MB (0.0%) | Peak: 0.0MB | Process Memory: 450.4MB | System Memory: 17.0GB / 63.7GB (26.7%)
2025-03-26 22:14:33,763 - INFO - 使用设备：cuda
2025-03-26 22:14:33,763 - INFO - CUDA Device 0: NVIDIA GeForce RTX 3060 Ti
2025-03-26 22:14:33,763 - INFO -   Total Memory: 8.00 GB
2025-03-26 22:14:33,763 - INFO -   CUDA Capability: 8.6
2025-03-26 22:14:33,764 - INFO - [Device Setup END] [MEMORY] GPU Memory: 0.0MB / 8191.5MB (0.0%) | Peak: 0.0MB | Process Memory: 450.4MB | System Memory: 17.0GB / 63.7GB (26.7%)
2025-03-26 22:14:33,764 - INFO - [TIMING] Device Setup completed in 0.00 seconds
2025-03-26 22:14:33,765 - INFO - [Loading River Attributes START] [MEMORY] GPU Memory: 0.0MB / 8191.5MB (0.0%) | Peak: 0.0MB | Process Memory: 450.4MB | System Memory: 17.0GB / 63.7GB (26.7%)
2025-03-26 22:14:33,903 - INFO - 
2025-03-26 22:14:33,904 - INFO - 河段属性数据基本信息：
2025-03-26 22:14:33,904 - INFO -   数据形状: (7825, 224)
2025-03-26 22:14:33,904 - INFO -   列名: ['COMID', 'lengthkm', 'lengthdir', 'sinuosity', 'slope', 'uparea', 'order_', 'strmDrop_t', 'slope_taud', 'NextDownID', 'maxup', 'up1', 'up2', 'up3', 'up4', 'p_mean', 'pet_mean', 'aridity', 'frac_snow', 'moisture_index', 'seasonality', 'high_prec_freq', 'high_prec_dur', 'low_prec_freq', 'low_prec_dur', 'sgr_dk_sav', 'glc_pc_s06', 'glc_pc_s07', 'nli_ix_sav', 'glc_pc_s04', 'glc_pc_s05', 'glc_pc_s02', 'glc_pc_s03', 'glc_pc_s01', 'pet_mm_syr', 'glc_pc_s08', 'glc_pc_s09', 'swc_pc_s09', 'ele_mt_smx', 'tbi_cl_smj', 'swc_pc_s01', 'swc_pc_s02', 'swc_pc_s03', 'swc_pc_s04', 'swc_pc_s05', 'swc_pc_s06', 'swc_pc_s07', 'swc_pc_s08', 'crp_pc_sse', 'glc_pc_s22', 'glc_pc_s20', 'glc_pc_s21', 'wet_pc_sg1', 'wet_pc_sg2', 'pac_pc_sse', 'swc_pc_s10', 'swc_pc_s11', 'swc_pc_s12', 'clz_cl_smj', 'gwt_cm_sav', 'glc_pc_s17', 'glc_pc_s18', 'hft_ix_s93', 'glc_pc_s15', 'ire_pc_sse', 'glc_pc_s16', 'glc_pc_s13', 'prm_pc_sse', 'glc_pc_s14', 'glc_pc_s11', 'glc_pc_s12', 'glc_pc_s10', 'kar_pc_sse', 'slp_dg_sav', 'glc_pc_s19', 'tmp_dc_s07', 'tmp_dc_s08', 'tmp_dc_s05', 'tmp_dc_s06', 'tmp_dc_s09', 'for_pc_sse', 'aet_mm_s06', 'aet_mm_s05', 'aet_mm_s08', 'aet_mm_s07', 'aet_mm_s09', 'tmp_dc_s10', 'tmp_dc_s11', 'aet_mm_s02', 'aet_mm_s01', 'tmp_dc_s12', 'aet_mm_s04', 'aet_mm_s03', 'lit_cl_smj', 'tmp_dc_s03', 'tmp_dc_s04', 'tmp_dc_s01', 'tmp_dc_s02', 'cls_cl_smj', 'pre_mm_syr', 'pnv_pc_s01', 'pnv_pc_s04', 'pnv_pc_s05', 'pnv_pc_s02', 'rdd_mk_sav', 'ele_mt_smn', 'pnv_pc_s03', 'pnv_pc_s08', 'pnv_pc_s09', 'pnv_pc_s06', 'pnv_pc_s07', 'wet_cl_smj', 'snw_pc_syr', 'pnv_pc_s11', 'pnv_pc_s12', 'pnv_pc_s10', 'pnv_pc_s15', 'pnv_pc_s13', 'pnv_pc_s14', 'cmi_ix_syr', 'pet_mm_s11', 'pet_mm_s12', 'pet_mm_s10', 'tmp_dc_smn', 'wet_pc_s08', 'wet_pc_s09', 'slt_pc_sav', 'wet_pc_s02', 'wet_pc_s03', 'wet_pc_s01', 'hdi_ix_sav', 'wet_pc_s06', 'wet_pc_s07', 'wet_pc_s04', 'wet_pc_s05', 'fec_cl_smj', 'glc_cl_smj', 'swc_pc_syr', 'hft_ix_s09', 'soc_th_sav', 'gdp_ud_sav', 'gdp_ud_ssu', 'tmp_dc_smx', 'cly_pc_sav', 'pet_mm_s02', 'pet_mm_s03', 'pet_mm_s01', 'snw_pc_smx', 'ppd_pk_sav', 'pet_mm_s08', 'aet_mm_s11', 'pet_mm_s09', 'aet_mm_s10', 'pet_mm_s06', 'pet_mm_s07', 'aet_mm_s12', 'pet_mm_s04', 'pet_mm_s05', 'inu_pc_slt', 'ero_kh_sav', 'aet_mm_syr', 'cmi_ix_s10', 'cmi_ix_s11', 'cmi_ix_s12', 'ari_ix_sav', 'tmp_dc_syr', 'tec_cl_smj', 'fmh_cl_smj', 'inu_pc_smn', 'pnv_cl_smj', 'pre_mm_s08', 'pre_mm_s09', 'run_mm_syr', 'pre_mm_s06', 'pre_mm_s07', 'pre_mm_s04', 'pre_mm_s05', 'snd_pc_sav', 'pre_mm_s02', 'pre_mm_s03', 'ele_mt_sav', 'pre_mm_s01', 'urb_pc_sse', 'lka_pc_sse', 'pre_mm_s10', 'snw_pc_s01', 'snw_pc_s02', 'snw_pc_s03', 'snw_pc_s04', 'snw_pc_s05', 'snw_pc_s06', 'gla_pc_sse', 'snw_pc_s07', 'snw_pc_s08', 'snw_pc_s09', 'inu_pc_smx', 'pre_mm_s11', 'pre_mm_s12', 'cmi_ix_s07', 'cmi_ix_s08', 'cmi_ix_s05', 'cmi_ix_s06', 'cmi_ix_s09', 'snw_pc_s10', 'snw_pc_s11', 'snw_pc_s12', 'cmi_ix_s03', 'cmi_ix_s04', 'cmi_ix_s01', 'cmi_ix_s02', 'pst_pc_sse', 'dis_m3_pmn', 'dis_m3_pmx', 'dis_m3_pyr', 'lkv_mc_usu', 'rev_mc_usu', 'ria_ha_usu', 'riv_tc_usu', 'pop_ct_usu', 'dor_pc_pva', 'area', 'area_fraction_used_for_aggregation', 'WQ_exist', 'ERA5_exist']
2025-03-26 22:14:33,906 - INFO - [Loading River Attributes END] [MEMORY] GPU Memory: 0.0MB / 8191.5MB (0.0%) | Peak: 0.0MB | Process Memory: 465.0MB | System Memory: 17.1GB / 63.7GB (26.8%)
2025-03-26 22:14:33,907 - INFO - [TIMING] Loading River Attributes completed in 0.14 seconds
2025-03-26 22:14:33,908 - INFO - [Extracting River Network Info START] [MEMORY] GPU Memory: 0.0MB / 8191.5MB (0.0%) | Peak: 0.0MB | Process Memory: 465.0MB | System Memory: 17.1GB / 63.7GB (26.8%)
2025-03-26 22:14:33,916 - INFO - [Extracting River Network Info END] [MEMORY] GPU Memory: 0.0MB / 8191.5MB (0.0%) | Peak: 0.0MB | Process Memory: 466.8MB | System Memory: 17.1GB / 63.7GB (26.8%)
2025-03-26 22:14:33,916 - INFO - [TIMING] Extracting River Network Info completed in 0.01 seconds
2025-03-26 22:14:33,917 - INFO - [Loading Daily Data START] [MEMORY] GPU Memory: 0.0MB / 8191.5MB (0.0%) | Peak: 0.0MB | Process Memory: 466.8MB | System Memory: 17.1GB / 63.7GB (26.8%)
2025-03-26 22:15:03,770 - INFO - [Periodic Check] [MEMORY] GPU Memory: 0.0MB / 8191.5MB (0.0%) | Peak: 0.0MB | Process Memory: 10622.3MB | System Memory: 27.8GB / 63.7GB (43.6%)
2025-03-26 22:15:06,227 - INFO - 日尺度数据基本信息：
2025-03-26 22:15:06,228 - INFO -   数据形状: (13325975, 43)
2025-03-26 22:15:06,228 - INFO -   列名: ['date', 'snow_depth_water_equivalent_mean', 'surface_net_solar_radiation_mean', 'surface_net_thermal_radiation_mean', 'surface_pressure_mean', 'temperature_2m_mean', 'dewpoint_temperature_2m_mean', 'u_component_of_wind_10m_mean', 'v_component_of_wind_10m_mean', 'volumetric_soil_water_layer_1_mean', 'volumetric_soil_water_layer_2_mean', 'volumetric_soil_water_layer_3_mean', 'volumetric_soil_water_layer_4_mean', 'snow_depth_water_equivalent_min', 'surface_net_solar_radiation_min', 'surface_net_thermal_radiation_min', 'surface_pressure_min', 'temperature_2m_min', 'dewpoint_temperature_2m_min', 'u_component_of_wind_10m_min', 'v_component_of_wind_10m_min', 'volumetric_soil_water_layer_1_min', 'volumetric_soil_water_layer_2_min', 'volumetric_soil_water_layer_3_min', 'volumetric_soil_water_layer_4_min', 'snow_depth_water_equivalent_max', 'surface_net_solar_radiation_max', 'surface_net_thermal_radiation_max', 'surface_pressure_max', 'temperature_2m_max', 'dewpoint_temperature_2m_max', 'u_component_of_wind_10m_max', 'v_component_of_wind_10m_max', 'volumetric_soil_water_layer_1_max', 'volumetric_soil_water_layer_2_max', 'volumetric_soil_water_layer_3_max', 'volumetric_soil_water_layer_4_max', 'total_precipitation_sum', 'potential_evaporation_sum', 'Qout', 'COMID', 'TP', 'TN']
2025-03-26 22:15:06,228 - INFO - 检查数据中的异常值...
2025-03-26 22:15:07,391 - WARNING - 在列 'Qout' 中发现 207 个负值
2025-03-26 22:15:07,392 - WARNING - 包含负 Qout 值的COMID: [43018325 43023349 43025192 43025193 43025197 43028204 43031122 43031131
 43031333 43031343 43031349 43031365 43031945 43031979 43032102 43034464
 43034574 43034586 43034612 43034700 43034701 43034702 43034703 43034706
 43034707 43034715 43034729 43035269 43035407 43035538 43035565 43035662
 43035839 43035998 43037937 43038309 43038478 43038924 43038950 43039029
 43039140 43039238 43039297 43041492 43041634 43041718 43042096 43042167
 43042329 43045465]
2025-03-26 22:15:07,393 - INFO - 负 Qout 值样例:
2025-03-26 22:15:07,429 - INFO -                date  snow_depth_water_equivalent_mean  surface_net_solar_radiation_mean  surface_net_thermal_radiation_mean  surface_pressure_mean  temperature_2m_mean  dewpoint_temperature_2m_mean  u_component_of_wind_10m_mean  v_component_of_wind_10m_mean  volumetric_soil_water_layer_1_mean  volumetric_soil_water_layer_2_mean  volumetric_soil_water_layer_3_mean  volumetric_soil_water_layer_4_mean  snow_depth_water_equivalent_min  surface_net_solar_radiation_min  surface_net_thermal_radiation_min  surface_pressure_min  temperature_2m_min  dewpoint_temperature_2m_min  u_component_of_wind_10m_min  v_component_of_wind_10m_min  volumetric_soil_water_layer_1_min  volumetric_soil_water_layer_2_min  volumetric_soil_water_layer_3_min  volumetric_soil_water_layer_4_min  snow_depth_water_equivalent_max  surface_net_solar_radiation_max  surface_net_thermal_radiation_max  surface_pressure_max  temperature_2m_max  dewpoint_temperature_2m_max  u_component_of_wind_10m_max  v_component_of_wind_10m_max  volumetric_soil_water_layer_1_max  volumetric_soil_water_layer_2_max  volumetric_soil_water_layer_3_max  volumetric_soil_water_layer_4_max  total_precipitation_sum  potential_evaporation_sum      Qout     COMID  TP  TN
1234896  2019-08-11                               0.0                              8.13                               -5.03                  98.79                23.92                         23.14                         -0.68                         -6.30                                0.43                                0.43                                0.29                                0.16                              0.0                              0.0                              -9.28                 98.32               23.14                        22.34                        -2.48                        -7.87                               0.42                               0.43                               0.21                               0.16                              0.0                            29.93                              -1.06                 99.49               24.79                        23.70                         1.88                        -3.01                               0.43                               0.43                               0.35                               0.16                   220.48                       1.82 -2.088505  43018325 NaN NaN
1236043  2022-10-01                               0.0                             25.35                              -24.04                 100.85                20.95                         18.88                         -1.82                          1.09                                0.28                                0.19                                0.24                                0.23                              0.0                             -0.0                             -65.74                100.53               19.66                        16.51                        -3.44                        -0.83                               0.14                               0.18                               0.24                               0.23                              0.0                           107.71                              -6.47                101.08               21.86                        20.42                        -0.22                         2.64                               0.43                               0.27                               0.24                               0.23                    43.23                       1.52 -0.048182  43018325 NaN NaN
1236044  2022-10-02                               0.0                             67.29                              -19.48                 100.61                22.09                         20.49                          0.49                         -0.22                                0.41                                0.38                                0.24                                0.23                              0.0                             -0.0                             -45.98                100.37               20.49                        19.88                        -1.39                        -1.15                               0.39                               0.32                               0.24                               0.23                              0.0                           275.74                              -5.65                100.77               24.56                        21.44                         2.32                         1.31                               0.43                               0.40                               0.25                               0.23                    35.33                       1.89 -0.076121  43018325 NaN NaN
2584389  2021-07-28                               0.0                             34.39                               -9.86                  99.32                24.07                         21.97                         -2.60                         -5.37                                0.40                                0.34                                0.22                                0.19                              0.0                              0.0                             -22.70                 98.91               23.19                        21.12                        -4.83                        -7.04                               0.29                               0.28                               0.21                               0.19                              0.0                           229.50                              -0.69                 99.55               25.63                        23.60                        -0.99                        -2.83                               0.44                               0.43                               0.24                               0.19                    91.36                       3.93 -0.030214  43023349 NaN NaN
3183840  2021-07-23                               0.0                            153.17                              -34.64                 100.22                26.85                         23.43                         -2.05                         -0.13                                0.35                                0.33                                0.17                                0.19                              0.0                              0.0                             -54.81                100.08               23.61                        22.36                        -2.60                        -0.71                               0.34                               0.33                               0.17                               0.19                              0.0                           524.40                             -15.87                100.35               29.88                        24.57                        -1.56                         0.87                               0.36                               0.34                               0.17                               0.19                     1.11                       5.16 -0.159349  43025192 NaN NaN
2025-03-26 22:15:07,455 - INFO - 已修复列 'Qout' 中的 207 个负值
2025-03-26 22:15:07,878 - WARNING - 在列 'Qout' 中发现 1810886 个异常值
2025-03-26 22:15:07,879 - WARNING - 包含异常 Qout 值的COMID: [43012449 43012450 43012786 ... 43054880 43054898 43054914]
2025-03-26 22:15:07,879 - INFO - 异常 Qout 值样例:
2025-03-26 22:15:08,300 - INFO -          date  snow_depth_water_equivalent_mean  surface_net_solar_radiation_mean  surface_net_thermal_radiation_mean  surface_pressure_mean  temperature_2m_mean  dewpoint_temperature_2m_mean  u_component_of_wind_10m_mean  v_component_of_wind_10m_mean  volumetric_soil_water_layer_1_mean  volumetric_soil_water_layer_2_mean  volumetric_soil_water_layer_3_mean  volumetric_soil_water_layer_4_mean  snow_depth_water_equivalent_min  surface_net_solar_radiation_min  surface_net_thermal_radiation_min  surface_pressure_min  temperature_2m_min  dewpoint_temperature_2m_min  u_component_of_wind_10m_min  v_component_of_wind_10m_min  volumetric_soil_water_layer_1_min  volumetric_soil_water_layer_2_min  volumetric_soil_water_layer_3_min  volumetric_soil_water_layer_4_min  snow_depth_water_equivalent_max  surface_net_solar_radiation_max  surface_net_thermal_radiation_max  surface_pressure_max  temperature_2m_max  dewpoint_temperature_2m_max  u_component_of_wind_10m_max  v_component_of_wind_10m_max  volumetric_soil_water_layer_1_max  volumetric_soil_water_layer_2_max  volumetric_soil_water_layer_3_max  volumetric_soil_water_layer_4_max  total_precipitation_sum  potential_evaporation_sum       Qout     COMID  TP  TN
0  2019-01-02                              0.06                             94.94                              -92.00                 103.73                -3.87                        -13.54                          0.33                          0.59                                 0.2                                 0.2                                0.22                                0.21                             0.05                              0.0                            -132.13                103.57               -8.17                       -16.95                        -2.17                        -0.48                                0.2                                0.2                               0.22                               0.21                             0.06                           395.19                             -74.54                103.93                1.76                        -9.64                         2.28                         2.06                                0.2                                0.2                               0.22                               0.21                     0.00                       1.41  811.59430  43012449 NaN NaN
1  2019-01-03                              0.05                             95.17                              -85.53                 103.42                -2.04                         -9.42                         -0.51                          1.71                                 0.2                                 0.2                                0.22                                0.21                             0.04                             -0.0                            -126.94                103.24               -6.59                       -12.12                        -2.08                         0.71                                0.2                                0.2                               0.22                               0.21                             0.05                           397.18                             -65.50                103.61                4.50                        -6.69                         1.23                         2.42                                0.2                                0.2                               0.22                               0.21                     0.00                       1.44  801.16266  43012449 NaN NaN
2  2019-01-04                              0.04                             93.19                              -77.16                 103.30                -1.80                         -9.57                          0.62                         -2.61                                 0.2                                 0.2                                0.22                                0.21                             0.04                              0.0                            -118.65                103.15               -5.23                       -12.80                        -0.41                        -4.91                                0.2                                0.2                               0.22                               0.21                             0.04                           394.39                             -29.88                103.47                3.03                        -6.00                         1.37                         0.50                                0.2                                0.2                               0.22                               0.21                     0.00                       2.08  792.04020  43012449 NaN NaN
3  2019-01-05                              0.03                             94.79                              -76.88                 103.24                -1.84                        -10.63                         -0.47                         -1.44                                 0.2                                 0.2                                0.22                                0.21                             0.03                              0.0                            -130.31                103.05               -5.18                       -13.54                        -2.67                        -2.73                                0.2                                0.2                               0.22                               0.21                             0.04                           401.05                             -31.91                103.37                2.17                        -5.45                         1.51                         0.12                                0.2                                0.2                               0.22                               0.21                     0.01                       1.66  784.35120  43012449 NaN NaN
4  2019-01-06                              0.03                             90.19                              -80.29                 103.15                -1.74                         -6.84                         -1.02                          1.47                                 0.2                                 0.2                                0.22                                0.21                             0.03                              0.0                            -109.68                103.01               -5.07                        -9.35                        -2.31                         0.16                                0.2                                0.2                               0.22                               0.21                             0.04                           386.33                             -48.60                103.29                3.02                        -5.56                         0.57                         2.55                                0.2                                0.2                               0.22                               0.21                     0.00                       1.21  777.66644  43012449 NaN NaN
2025-03-26 22:15:08,300 - INFO - 数据异常检测结果摘要:
2025-03-26 22:15:08,301 - INFO -   列 'Qout': 207 个负值, 1810886 个异常值
2025-03-26 22:15:08,675 - INFO - [Checking River Network Consistency START] [MEMORY] GPU Memory: 0.0MB / 8191.5MB (0.0%) | Peak: 0.0MB | Process Memory: 4940.5MB | System Memory: 22.2GB / 63.7GB (34.8%)
2025-03-26 22:15:08,677 - WARNING - 警告: 发现 182 个引用的下游河段未在COMID列中找到
2025-03-26 22:15:08,677 - INFO - 缺失的COMID: [43028993, 43047938, 43044360, 43020809, 43050506, 43019791, 43044879, 43035665, 43047442, 43029008]...
2025-03-26 22:15:08,682 - WARNING - 警告: 发现 83 个孤立河段（无上游也无下游）
2025-03-26 22:15:08,683 - INFO - 孤立的COMID: [43024388, 43024494, 43024561, 43025464, 43026389, 43026727, 43026877, 43029589, 43032831, 43032928]...
2025-03-26 22:15:09,230 - INFO - 信息: 发现 9 个具有3个及以上上游的河段
2025-03-26 22:15:09,230 - INFO - COMID 43015728: 3 个上游
2025-03-26 22:15:09,230 - INFO - COMID 43020220: 3 个上游
2025-03-26 22:15:09,231 - INFO - COMID 43022997: 3 个上游
2025-03-26 22:15:09,231 - INFO - COMID 43024822: 3 个上游
2025-03-26 22:15:09,231 - INFO - COMID 43031956: 3 个上游
2025-03-26 22:15:09,231 - INFO - COMID 43037916: 3 个上游
2025-03-26 22:15:09,232 - INFO - COMID 43041226: 3 个上游
2025-03-26 22:15:09,232 - INFO - COMID 43041242: 3 个上游
2025-03-26 22:15:09,232 - INFO - COMID 43042376: 3 个上游
2025-03-26 22:15:09,232 - WARNING - 河网拓扑结构检查发现问题。
2025-03-26 22:15:09,232 - WARNING - 河网拓扑结构检查发现问题，请查看日志了解详情
2025-03-26 22:15:09,233 - INFO - 警告: 河网拓扑结构检查发现问题，请查看日志了解详情
2025-03-26 22:15:09,233 - INFO - [Checking River Network Consistency END] [MEMORY] GPU Memory: 0.0MB / 8191.5MB (0.0%) | Peak: 0.0MB | Process Memory: 4941.7MB | System Memory: 22.2GB / 63.7GB (34.8%)
2025-03-26 22:15:09,233 - INFO - [TIMING] Checking River Network Consistency completed in 0.56 seconds
2025-03-26 22:15:09,235 - INFO - [Loading Daily Data END] [MEMORY] GPU Memory: 0.0MB / 8191.5MB (0.0%) | Peak: 0.0MB | Process Memory: 4941.7MB | System Memory: 22.2GB / 63.7GB (34.8%)
2025-03-26 22:15:09,235 - INFO - [TIMING] Loading Daily Data completed in 35.32 seconds
2025-03-26 22:15:09,236 - INFO - [Iterative Training Process START] [MEMORY] GPU Memory: 0.0MB / 8191.5MB (0.0%) | Peak: 0.0MB | Process Memory: 4941.7MB | System Memory: 22.2GB / 63.7GB (34.8%)
2025-03-26 22:15:09,239 - INFO - Memory tracking started (interval: 10s)
2025-03-26 22:15:09,243 - INFO - [Training Start] [MEMORY] GPU Memory: 0.0MB / 8191.5MB (0.0%) | Peak: 0.0MB | Process Memory: 4941.8MB | System Memory: 22.2GB / 63.7GB (34.8%)
2025-03-26 22:15:09,244 - INFO - Flow routing results will be saved to flow_results
2025-03-26 22:15:09,244 - INFO - Models will be saved to models
2025-03-26 22:15:09,244 - INFO - Starting from initial training (iteration 0) with model version v1
2025-03-26 22:15:09,244 - INFO - Starting from initial training (iteration 0) with model version v1
2025-03-26 22:15:09,244 - INFO - 选择头部河段进行初始模型训练。
2025-03-26 22:15:09,245 - INFO - [Building Attribute Dictionary START] [MEMORY] GPU Memory: 0.0MB / 8191.5MB (0.0%) | Peak: 0.0MB | Process Memory: 4941.8MB | System Memory: 22.2GB / 63.7GB (34.8%)
2025-03-26 22:15:10,853 - INFO - [Building Attribute Dictionary END] [MEMORY] GPU Memory: 0.0MB / 8191.5MB (0.0%) | Peak: 0.0MB | Process Memory: 8393.7MB | System Memory: 25.5GB / 63.7GB (40.1%)
2025-03-26 22:15:10,854 - INFO - [TIMING] Building Attribute Dictionary completed in 1.61 seconds
2025-03-26 22:15:10,855 - INFO - [Finding Head Stations START] [MEMORY] GPU Memory: 0.0MB / 8191.5MB (0.0%) | Peak: 0.0MB | Process Memory: 8393.7MB | System Memory: 25.5GB / 63.7GB (40.1%)
2025-03-26 22:15:10,902 - INFO -   选择的头部河段数量：27
2025-03-26 22:15:10,904 - INFO - [Finding Head Stations END] [MEMORY] GPU Memory: 0.0MB / 8191.5MB (0.0%) | Peak: 0.0MB | Process Memory: 8393.9MB | System Memory: 25.5GB / 63.7GB (40.1%)
2025-03-26 22:15:10,904 - INFO - [TIMING] Finding Head Stations completed in 0.05 seconds
2025-03-26 22:15:10,904 - INFO - 构造初始训练数据（滑窗切片）......
2025-03-26 22:15:10,905 - INFO - [Building Sliding Windows START] [MEMORY] GPU Memory: 0.0MB / 8191.5MB (0.0%) | Peak: 0.0MB | Process Memory: 8393.9MB | System Memory: 25.5GB / 63.7GB (40.1%)
2025-03-26 22:15:12,253 - INFO - [Building Sliding Windows END] [MEMORY] GPU Memory: 0.0MB / 8191.5MB (0.0%) | Peak: 0.0MB | Process Memory: 8454.4MB | System Memory: 25.6GB / 63.7GB (40.2%)
2025-03-26 22:15:12,254 - INFO - [TIMING] Building Sliding Windows completed in 1.35 seconds
2025-03-26 22:15:12,255 - INFO - X_ts_all.shape =
2025-03-26 22:15:12,255 - INFO - (34413, 10, 39)
2025-03-26 22:15:12,255 - INFO - Y.shape        =
2025-03-26 22:15:12,255 - INFO - (34413,)
2025-03-26 22:15:12,256 - INFO - COMID.shape    =
2025-03-26 22:15:12,256 - INFO - (34413,)
2025-03-26 22:15:12,256 - INFO - Date.shape     =
2025-03-26 22:15:12,256 - INFO - (34413,)
2025-03-26 22:15:12,258 - INFO - [Saving Training Data START] [MEMORY] GPU Memory: 0.0MB / 8191.5MB (0.0%) | Peak: 0.0MB | Process Memory: 8454.4MB | System Memory: 25.6GB / 63.7GB (40.2%)
2025-03-26 22:15:12,326 - INFO - 训练数据保存成功！
2025-03-26 22:15:12,326 - INFO - [Saving Training Data END] [MEMORY] GPU Memory: 0.0MB / 8191.5MB (0.0%) | Peak: 0.0MB | Process Memory: 8454.6MB | System Memory: 25.6GB / 63.7GB (40.2%)
2025-03-26 22:15:12,327 - INFO - [TIMING] Saving Training Data completed in 0.07 seconds
2025-03-26 22:15:12,329 - INFO - [Data Standardization START] [MEMORY] GPU Memory: 0.0MB / 8191.5MB (0.0%) | Peak: 0.0MB | Process Memory: 8454.6MB | System Memory: 25.6GB / 63.7GB (40.2%)
2025-03-26 22:15:12,572 - INFO - [After Standardization] [MEMORY] GPU Memory: 0.0MB / 8191.5MB (0.0%) | Peak: 0.0MB | Process Memory: 8456.1MB | System Memory: 25.7GB / 63.7GB (40.3%)
2025-03-26 22:15:12,573 - INFO - [Data Standardization END] [MEMORY] GPU Memory: 0.0MB / 8191.5MB (0.0%) | Peak: 0.0MB | Process Memory: 8456.1MB | System Memory: 25.7GB / 63.7GB (40.3%)
2025-03-26 22:15:12,575 - INFO - [TIMING] Data Standardization completed in 0.25 seconds
2025-03-26 22:15:12,576 - INFO - [Train/Validation Split START] [MEMORY] GPU Memory: 0.0MB / 8191.5MB (0.0%) | Peak: 0.0MB | Process Memory: 8456.1MB | System Memory: 25.7GB / 63.7GB (40.3%)
2025-03-26 22:15:12,603 - INFO - [Train/Validation Split END] [MEMORY] GPU Memory: 0.0MB / 8191.5MB (0.0%) | Peak: 0.0MB | Process Memory: 8507.4MB | System Memory: 25.7GB / 63.7GB (40.4%)
2025-03-26 22:15:12,605 - INFO - [TIMING] Train/Validation Split completed in 0.03 seconds
2025-03-26 22:15:12,605 - INFO - 初始模型 A₀ 训练：头部河段训练数据构造完毕。
2025-03-26 22:15:12,607 - INFO - [Model Creation START] [MEMORY] GPU Memory: 0.0MB / 8191.5MB (0.0%) | Peak: 0.0MB | Process Memory: 8507.4MB | System Memory: 25.7GB / 63.7GB (40.3%)
2025-03-26 22:15:12,608 - INFO - [Model Init] [MEMORY] GPU Memory: 0.0MB / 8191.5MB (0.0%) | Peak: 0.0MB | Process Memory: 8507.4MB | System Memory: 25.7GB / 63.7GB (40.3%)
2025-03-26 22:15:12,611 - INFO - Model architecture initialized:
2025-03-26 22:15:12,612 - INFO -  - LSTM: input_dim=39, hidden_size=64, num_layers=1
2025-03-26 22:15:12,612 - INFO -  - Attribute network: attr_dim=20, fc_dim=32
2025-03-26 22:15:12,613 - INFO -  - Output dimension: 1
2025-03-26 22:15:12,613 - INFO - Total parameters: 28,705
2025-03-26 22:15:12,745 - INFO - Model moved to cuda
2025-03-26 22:15:12,801 - INFO - Model tested on cuda with dummy input
2025-03-26 22:15:12,801 - INFO - Parameter devices:
2025-03-26 22:15:12,802 - INFO -  - lstm.weight_ih_l0: cuda:0
2025-03-26 22:15:12,802 - INFO -  - lstm.weight_hh_l0: cuda:0
2025-03-26 22:15:12,802 - INFO -  - lstm.bias_ih_l0: cuda:0
2025-03-26 22:15:12,803 - INFO -  - lstm.bias_hh_l0: cuda:0
2025-03-26 22:15:12,803 - INFO -  - attr_fc.0.weight: cuda:0
2025-03-26 22:15:12,803 - INFO -  - attr_fc.0.bias: cuda:0
2025-03-26 22:15:12,803 - INFO -  - attr_fc.2.weight: cuda:0
2025-03-26 22:15:12,803 - INFO -  - attr_fc.2.bias: cuda:0
2025-03-26 22:15:12,804 - INFO -  - final_fc.weight: cuda:0
2025-03-26 22:15:12,804 - INFO -  - final_fc.bias: cuda:0
2025-03-26 22:15:12,805 - INFO - [Model Created] [MEMORY] GPU Memory: 8.2MB / 8191.5MB (0.1%) | Peak: 9.2MB | Process Memory: 8645.2MB | System Memory: 25.8GB / 63.7GB (40.6%)
2025-03-26 22:15:12,807 - INFO - [Model Creation END] [MEMORY] GPU Memory: 8.2MB / 8191.5MB (0.1%) | Peak: 9.2MB | Process Memory: 8645.2MB | System Memory: 25.8GB / 63.7GB (40.6%)
2025-03-26 22:15:12,807 - INFO - [TIMING] Model Creation completed in 0.20 seconds
2025-03-26 22:15:12,809 - INFO - [Model Loading START] [MEMORY] GPU Memory: 8.2MB / 8191.5MB (0.1%) | Peak: 9.2MB | Process Memory: 8645.2MB | System Memory: 25.8GB / 63.7GB (40.6%)
2025-03-26 22:15:12,810 - INFO - [Model Loading START] [MEMORY] GPU Memory: 8.2MB / 8191.5MB (0.1%) | Peak: 9.2MB | Process Memory: 8645.2MB | System Memory: 25.8GB / 63.7GB (40.6%)
2025-03-26 22:15:12,812 - ERROR - D:\PGRWQ\src_PGRWQ\model_training\models.py:418: FutureWarning: You are using `torch.load` with `weights_only=False` (the current default value), which uses the default pickle module implicitly. It is possible to construct malicious pickle data which will execute arbitrary code during unpickling (See https://github.com/pytorch/pytorch/blob/main/SECURITY.md#untrusted-models for more details). In a future release, the default value for `weights_only` will be flipped to `True`. This limits the functions that could be executed during unpickling. Arbitrary objects will no longer be allowed to be loaded via this mode unless they are explicitly allowlisted by the user via `torch.serialization.add_safe_globals`. We recommend you start setting `weights_only=True` for any use case where you don't have full control of the loaded file. Please open an issue on GitHub for any issues related to this experimental feature.
2025-03-26 22:15:12,812 - ERROR -   self.base_model.load_state_dict(torch.load(path))
2025-03-26 22:15:12,817 - INFO - [Model Loaded] [MEMORY] GPU Memory: 8.2MB / 8191.5MB (0.1%) | Peak: 9.2MB | Process Memory: 8645.7MB | System Memory: 25.8GB / 63.7GB (40.6%)
2025-03-26 22:15:12,818 - INFO - [Model Loading END] [MEMORY] GPU Memory: 8.2MB / 8191.5MB (0.1%) | Peak: 9.2MB | Process Memory: 8645.7MB | System Memory: 25.8GB / 63.7GB (40.6%)
2025-03-26 22:15:12,818 - INFO - [TIMING] Model Loading completed in 0.01 seconds
2025-03-26 22:15:12,819 - INFO - 模型加载成功：models/model_initial_A0_v1.pth
2025-03-26 22:15:12,820 - INFO - [Model Loading END] [MEMORY] GPU Memory: 8.2MB / 8191.5MB (0.1%) | Peak: 9.2MB | Process Memory: 8645.7MB | System Memory: 25.8GB / 63.7GB (40.6%)
2025-03-26 22:15:12,820 - INFO - [TIMING] Model Loading completed in 0.01 seconds
2025-03-26 22:15:12,820 - INFO - 初始汇流计算：使用 A₀ 进行预测。
2025-03-26 22:15:12,822 - INFO - [Loading Existing Flow Routing Results START] [MEMORY] GPU Memory: 8.2MB / 8191.5MB (0.1%) | Peak: 9.2MB | Process Memory: 8645.7MB | System Memory: 25.8GB / 63.7GB (40.6%)
2025-03-26 22:15:12,822 - INFO - 发现已存在的汇流计算结果，加载：flow_results\flow_routing_iteration_0_v1.csv
2025-03-26 22:15:12,822 - INFO - Loading existing flow routing results from flow_results\flow_routing_iteration_0_v1.csv
2025-03-26 22:15:33,780 - INFO - [Periodic Check] [MEMORY] GPU Memory: 8.2MB / 8191.5MB (0.1%) | Peak: 9.2MB | Process Memory: 11455.3MB | System Memory: 28.5GB / 63.7GB (44.8%)
2025-03-26 22:15:49,109 - INFO - 成功加载汇流计算结果，共 11207443 条记录
2025-03-26 22:15:49,111 - INFO - [Loading Existing Flow Routing Results END] [MEMORY] GPU Memory: 8.2MB / 8191.5MB (0.1%) | Peak: 9.2MB | Process Memory: 12743.3MB | System Memory: 29.8GB / 63.7GB (46.8%)
2025-03-26 22:15:49,111 - INFO - [TIMING] Loading Existing Flow Routing Results completed in 36.29 seconds
2025-03-26 22:15:49,112 - INFO - [Iteration 1/5 START] [MEMORY] GPU Memory: 8.2MB / 8191.5MB (0.1%) | Peak: 9.2MB | Process Memory: 12743.3MB | System Memory: 29.8GB / 63.7GB (46.8%)
2025-03-26 22:15:49,112 - INFO - 
2025-03-26 22:15:49,113 - INFO - 迭代 1/5
2025-03-26 22:15:49,113 - INFO - df_flow columns: ['date', 'snow_depth_water_equivalent_mean', 'surface_net_solar_radiation_mean', 'surface_net_thermal_radiation_mean', 'surface_pressure_mean', 'temperature_2m_mean', 'dewpoint_temperature_2m_mean', 'u_component_of_wind_10m_mean', 'v_component_of_wind_10m_mean', 'volumetric_soil_water_layer_1_mean', 'volumetric_soil_water_layer_2_mean', 'volumetric_soil_water_layer_3_mean', 'volumetric_soil_water_layer_4_mean', 'snow_depth_water_equivalent_min', 'surface_net_solar_radiation_min', 'surface_net_thermal_radiation_min', 'surface_pressure_min', 'temperature_2m_min', 'dewpoint_temperature_2m_min', 'u_component_of_wind_10m_min', 'v_component_of_wind_10m_min', 'volumetric_soil_water_layer_1_min', 'volumetric_soil_water_layer_2_min', 'volumetric_soil_water_layer_3_min', 'volumetric_soil_water_layer_4_min', 'snow_depth_water_equivalent_max', 'surface_net_solar_radiation_max', 'surface_net_thermal_radiation_max', 'surface_pressure_max', 'temperature_2m_max', 'dewpoint_temperature_2m_max', 'u_component_of_wind_10m_max', 'v_component_of_wind_10m_max', 'volumetric_soil_water_layer_1_max', 'volumetric_soil_water_layer_2_max', 'volumetric_soil_water_layer_3_max', 'volumetric_soil_water_layer_4_max', 'total_precipitation_sum', 'potential_evaporation_sum', 'Qout', 'COMID', 'TP', 'TN', 'width', 'E_0_TN', 'y_up_0_TN', 'y_n_0_TN']
2025-03-26 22:15:51,565 - INFO -   最大残差: nan
2025-03-26 22:15:51,659 - INFO - [Building Sliding Windows for Iteration 1 START] [MEMORY] GPU Memory: 8.2MB / 8191.5MB (0.1%) | Peak: 9.2MB | Process Memory: 17522.3MB | System Memory: 34.5GB / 63.7GB (54.1%)
2025-03-26 22:16:03,797 - INFO - [Periodic Check] [MEMORY] GPU Memory: 8.2MB / 8191.5MB (0.1%) | Peak: 9.2MB | Process Memory: 26677.6MB | System Memory: 42.8GB / 63.7GB (67.2%)
2025-03-26 22:16:33,808 - INFO - [Periodic Check] [MEMORY] GPU Memory: 8.2MB / 8191.5MB (0.1%) | Peak: 9.2MB | Process Memory: 26752.1MB | System Memory: 42.9GB / 63.7GB (67.3%)
2025-03-26 22:16:55,424 - INFO - [Building Sliding Windows for Iteration 1 END] [MEMORY] GPU Memory: 8.2MB / 8191.5MB (0.1%) | Peak: 9.2MB | Process Memory: 17571.0MB | System Memory: 33.9GB / 63.7GB (53.2%)
2025-03-26 22:16:55,425 - INFO - [TIMING] Building Sliding Windows for Iteration 1 completed in 63.76 seconds
2025-03-26 22:16:55,436 - INFO - [Iteration 1/5 END] [MEMORY] GPU Memory: 8.2MB / 8191.5MB (0.1%) | Peak: 9.2MB | Process Memory: 17571.0MB | System Memory: 33.9GB / 63.7GB (53.2%)
2025-03-26 22:16:55,437 - INFO - [TIMING] Iteration 1/5 completed in 66.32 seconds
2025-03-26 22:16:55,437 - INFO - [Iterative Training Process END] [MEMORY] GPU Memory: 8.2MB / 8191.5MB (0.1%) | Peak: 9.2MB | Process Memory: 17571.0MB | System Memory: 33.9GB / 63.7GB (53.2%)
2025-03-26 22:16:55,438 - INFO - [TIMING] Iterative Training Process completed in 106.20 seconds
2025-03-26 22:16:55,439 - INFO - [PGRWQ Training Pipeline END] [MEMORY] GPU Memory: 8.2MB / 8191.5MB (0.1%) | Peak: 9.2MB | Process Memory: 17571.0MB | System Memory: 33.9GB / 63.7GB (53.2%)
2025-03-26 22:16:55,439 - INFO - [TIMING] PGRWQ Training Pipeline completed in 141.70 seconds
2025-03-26 22:16:55,439 - ERROR - Error in main execution: 'Date'
Traceback (most recent call last):
  File "e:\research\envs\PGRWQ\lib\site-packages\pandas\core\indexes\base.py", line 3805, in get_loc
    return self._engine.get_loc(casted_key)
  File "index.pyx", line 167, in pandas._libs.index.IndexEngine.get_loc
  File "index.pyx", line 196, in pandas._libs.index.IndexEngine.get_loc
  File "pandas\\_libs\\hashtable_class_helper.pxi", line 7081, in pandas._libs.hashtable.PyObjectHashTable.get_item
  File "pandas\\_libs\\hashtable_class_helper.pxi", line 7089, in pandas._libs.hashtable.PyObjectHashTable.get_item
KeyError: 'Date'

The above exception was the direct cause of the following exception:

Traceback (most recent call last):
  File "D:\PGRWQ\src_PGRWQ\main.py", line 410, in <module>
    main()
  File "D:\PGRWQ\src_PGRWQ\main.py", line 338, in main
    final_model = iterative_training_procedure(
  File "D:\PGRWQ\src_PGRWQ\model_training\train.py", line 601, in iterative_training_procedure
    subset = merged[(merged["COMID"] == cid) & (merged["Date"] == date_val)]
  File "e:\research\envs\PGRWQ\lib\site-packages\pandas\core\frame.py", line 4102, in __getitem__
    indexer = self.columns.get_loc(key)
  File "e:\research\envs\PGRWQ\lib\site-packages\pandas\core\indexes\base.py", line 3812, in get_loc
    raise KeyError(key) from err
KeyError: 'Date'
2025-03-26 22:16:56,221 - INFO - Training process completed
