2025-03-28 00:28:43,756 - INFO - Logging initialized at 2025-03-28 00:28:43
2025-03-28 00:28:43,763 - INFO - Log file: logs\pgrwq_training_20250328_002843.log
2025-03-28 00:28:43,763 - INFO - PG-RWQ Training Pipeline Starting
2025-03-28 00:28:43,763 - INFO - System time: 2025-03-28 00:28:43
2025-03-28 00:28:43,763 - INFO - Python version: 3.9.21 (main, Dec 11 2024, 16:35:24) [MSC v.1929 64 bit (AMD64)]
2025-03-28 00:28:43,763 - INFO - PyTorch version: 2.5.1
2025-03-28 00:28:43,763 - INFO - Periodic memory monitoring disabled (monitoring is turned off)
2025-03-28 00:28:43,763 - INFO - Created/verified directory for GPU memory logs: D:\PGRWQ\src_PGRWQ\logs
2025-03-28 00:28:43,763 - INFO - Created GPU memory log file: D:\PGRWQ\src_PGRWQ\logs\gpu_memory_log.csv
2025-03-28 00:28:43,766 - INFO - Started GPU memory file logging (interval: 30s)
2025-03-28 00:28:43,767 - INFO - 输入特征列表: ['surface_net_solar_radiation_mean', 'surface_pressure_mean', 'temperature_2m_mean', 'u_component_of_wind_10m_mean', 'v_component_of_wind_10m_mean', 'volumetric_soil_water_layer_1_mean', 'volumetric_soil_water_layer_2_mean', 'temperature_2m_min', 'temperature_2m_max', 'total_precipitation_sum', 'potential_evaporation_sum', 'Qout'] (维度: 12)
2025-03-28 00:28:43,767 - INFO - 属性特征列表: ['pre_mm_syr', 'pet_mean', 'aridity', 'seasonality', 'high_prec_freq', 'crp_pc_sse', 'for_pc_sse', 'urb_pc_sse', 'wet_pc_s01', 'nli_ix_sav', 'pop_ct_usu', 'dis_m3_pyr', 'run_mm_syr', 'cly_pc_sav', 'soc_th_sav', 'ele_mt_sav', 'slp_dg_sav', 'sgr_dk_sav', 'moisture_index', 'ero_kh_sav'] (维度: 20)
2025-03-28 00:28:43,767 - INFO - 使用设备：cuda
2025-03-28 00:28:43,767 - INFO - CUDA Device 0: NVIDIA GeForce RTX 3060 Ti
2025-03-28 00:28:43,767 - INFO -   Total Memory: 8.00 GB
2025-03-28 00:28:43,767 - INFO -   CUDA Capability: 8.6
2025-03-28 00:28:43,877 - INFO - 
2025-03-28 00:28:43,877 - INFO - 河段属性数据基本信息：
2025-03-28 00:28:43,877 - INFO -   数据形状: (7825, 224)
2025-03-28 00:28:43,877 - INFO -   列名: ['COMID', 'lengthkm', 'lengthdir', 'sinuosity', 'slope', 'uparea', 'order_', 'strmDrop_t', 'slope_taud', 'NextDownID', 'maxup', 'up1', 'up2', 'up3', 'up4', 'p_mean', 'pet_mean', 'aridity', 'frac_snow', 'moisture_index', 'seasonality', 'high_prec_freq', 'high_prec_dur', 'low_prec_freq', 'low_prec_dur', 'sgr_dk_sav', 'glc_pc_s06', 'glc_pc_s07', 'nli_ix_sav', 'glc_pc_s04', 'glc_pc_s05', 'glc_pc_s02', 'glc_pc_s03', 'glc_pc_s01', 'pet_mm_syr', 'glc_pc_s08', 'glc_pc_s09', 'swc_pc_s09', 'ele_mt_smx', 'tbi_cl_smj', 'swc_pc_s01', 'swc_pc_s02', 'swc_pc_s03', 'swc_pc_s04', 'swc_pc_s05', 'swc_pc_s06', 'swc_pc_s07', 'swc_pc_s08', 'crp_pc_sse', 'glc_pc_s22', 'glc_pc_s20', 'glc_pc_s21', 'wet_pc_sg1', 'wet_pc_sg2', 'pac_pc_sse', 'swc_pc_s10', 'swc_pc_s11', 'swc_pc_s12', 'clz_cl_smj', 'gwt_cm_sav', 'glc_pc_s17', 'glc_pc_s18', 'hft_ix_s93', 'glc_pc_s15', 'ire_pc_sse', 'glc_pc_s16', 'glc_pc_s13', 'prm_pc_sse', 'glc_pc_s14', 'glc_pc_s11', 'glc_pc_s12', 'glc_pc_s10', 'kar_pc_sse', 'slp_dg_sav', 'glc_pc_s19', 'tmp_dc_s07', 'tmp_dc_s08', 'tmp_dc_s05', 'tmp_dc_s06', 'tmp_dc_s09', 'for_pc_sse', 'aet_mm_s06', 'aet_mm_s05', 'aet_mm_s08', 'aet_mm_s07', 'aet_mm_s09', 'tmp_dc_s10', 'tmp_dc_s11', 'aet_mm_s02', 'aet_mm_s01', 'tmp_dc_s12', 'aet_mm_s04', 'aet_mm_s03', 'lit_cl_smj', 'tmp_dc_s03', 'tmp_dc_s04', 'tmp_dc_s01', 'tmp_dc_s02', 'cls_cl_smj', 'pre_mm_syr', 'pnv_pc_s01', 'pnv_pc_s04', 'pnv_pc_s05', 'pnv_pc_s02', 'rdd_mk_sav', 'ele_mt_smn', 'pnv_pc_s03', 'pnv_pc_s08', 'pnv_pc_s09', 'pnv_pc_s06', 'pnv_pc_s07', 'wet_cl_smj', 'snw_pc_syr', 'pnv_pc_s11', 'pnv_pc_s12', 'pnv_pc_s10', 'pnv_pc_s15', 'pnv_pc_s13', 'pnv_pc_s14', 'cmi_ix_syr', 'pet_mm_s11', 'pet_mm_s12', 'pet_mm_s10', 'tmp_dc_smn', 'wet_pc_s08', 'wet_pc_s09', 'slt_pc_sav', 'wet_pc_s02', 'wet_pc_s03', 'wet_pc_s01', 'hdi_ix_sav', 'wet_pc_s06', 'wet_pc_s07', 'wet_pc_s04', 'wet_pc_s05', 'fec_cl_smj', 'glc_cl_smj', 'swc_pc_syr', 'hft_ix_s09', 'soc_th_sav', 'gdp_ud_sav', 'gdp_ud_ssu', 'tmp_dc_smx', 'cly_pc_sav', 'pet_mm_s02', 'pet_mm_s03', 'pet_mm_s01', 'snw_pc_smx', 'ppd_pk_sav', 'pet_mm_s08', 'aet_mm_s11', 'pet_mm_s09', 'aet_mm_s10', 'pet_mm_s06', 'pet_mm_s07', 'aet_mm_s12', 'pet_mm_s04', 'pet_mm_s05', 'inu_pc_slt', 'ero_kh_sav', 'aet_mm_syr', 'cmi_ix_s10', 'cmi_ix_s11', 'cmi_ix_s12', 'ari_ix_sav', 'tmp_dc_syr', 'tec_cl_smj', 'fmh_cl_smj', 'inu_pc_smn', 'pnv_cl_smj', 'pre_mm_s08', 'pre_mm_s09', 'run_mm_syr', 'pre_mm_s06', 'pre_mm_s07', 'pre_mm_s04', 'pre_mm_s05', 'snd_pc_sav', 'pre_mm_s02', 'pre_mm_s03', 'ele_mt_sav', 'pre_mm_s01', 'urb_pc_sse', 'lka_pc_sse', 'pre_mm_s10', 'snw_pc_s01', 'snw_pc_s02', 'snw_pc_s03', 'snw_pc_s04', 'snw_pc_s05', 'snw_pc_s06', 'gla_pc_sse', 'snw_pc_s07', 'snw_pc_s08', 'snw_pc_s09', 'inu_pc_smx', 'pre_mm_s11', 'pre_mm_s12', 'cmi_ix_s07', 'cmi_ix_s08', 'cmi_ix_s05', 'cmi_ix_s06', 'cmi_ix_s09', 'snw_pc_s10', 'snw_pc_s11', 'snw_pc_s12', 'cmi_ix_s03', 'cmi_ix_s04', 'cmi_ix_s01', 'cmi_ix_s02', 'pst_pc_sse', 'dis_m3_pmn', 'dis_m3_pmx', 'dis_m3_pyr', 'lkv_mc_usu', 'rev_mc_usu', 'ria_ha_usu', 'riv_tc_usu', 'pop_ct_usu', 'dor_pc_pva', 'area', 'area_fraction_used_for_aggregation', 'WQ_exist', 'ERA5_exist']
2025-03-28 00:28:43,877 - ERROR - Error in main execution: "['order'] not in index"
Traceback (most recent call last):
  File "D:\PGRWQ\src_PGRWQ\main.py", line 446, in <module>
    main()
  File "D:\PGRWQ\src_PGRWQ\main.py", line 317, in main
    river_info = attr_df[['COMID', 'NextDownID','lengthkm','order']].copy()
  File "E:\research\envs\PGRWQ\lib\site-packages\pandas\core\frame.py", line 4108, in __getitem__
    indexer = self.columns._get_indexer_strict(key, "columns")[1]
  File "E:\research\envs\PGRWQ\lib\site-packages\pandas\core\indexes\base.py", line 6200, in _get_indexer_strict
    self._raise_if_missing(keyarr, indexer, axis_name)
  File "E:\research\envs\PGRWQ\lib\site-packages\pandas\core\indexes\base.py", line 6252, in _raise_if_missing
    raise KeyError(f"{not_found} not in index")
KeyError: "['order'] not in index"
2025-03-28 00:28:43,912 - INFO - Training process completed
