2025-03-25 15:22:07,711 - INFO - Logging initialized at 2025-03-25 15:22:07
2025-03-25 15:22:07,712 - INFO - Log file: logs\pgrwq_training_20250325_152207.log
2025-03-25 15:22:07,712 - INFO - PG-RWQ Training Pipeline Starting
2025-03-25 15:22:07,712 - INFO - System time: 2025-03-25 15:22:07
2025-03-25 15:22:07,713 - INFO - Python version: 3.9.21 (main, Dec 11 2024, 16:35:24) [MSC v.1929 64 bit (AMD64)]
2025-03-25 15:22:07,713 - INFO - PyTorch version: 2.5.1
2025-03-25 15:22:07,715 - INFO - Started periodic memory monitoring (interval: 30s)
2025-03-25 15:22:07,718 - INFO - [Periodic Check] [MEMORY] GPU Memory: 0.0MB / 8191.5MB (0.0%) | Peak: 0.0MB | Process Memory: 450.8MB | System Memory: 13.8GB / 63.7GB (21.7%)
2025-03-25 15:22:07,718 - INFO - Created/verified directory for GPU memory logs: D:\PGRWQ\src_PGRWQ\logs
2025-03-25 15:22:07,719 - INFO - Created GPU memory log file: D:\PGRWQ\src_PGRWQ\logs\gpu_memory_log.csv
2025-03-25 15:22:07,720 - INFO - [Initial GPU Status] [MEMORY] GPU Memory: 0.0MB / 8191.5MB (0.0%) | Peak: 0.0MB | Process Memory: 450.8MB | System Memory: 13.8GB / 63.7GB (21.7%)
2025-03-25 15:22:07,721 - INFO - [Setting Working Directory START] [MEMORY] GPU Memory: 0.0MB / 8191.5MB (0.0%) | Peak: 0.0MB | Process Memory: 450.9MB | System Memory: 13.8GB / 63.7GB (21.7%)
2025-03-25 15:22:07,722 - INFO - [Setting Working Directory END] [MEMORY] GPU Memory: 0.0MB / 8191.5MB (0.0%) | Peak: 0.0MB | Process Memory: 450.9MB | System Memory: 13.8GB / 63.7GB (21.7%)
2025-03-25 15:22:07,722 - INFO - [TIMING] Setting Working Directory completed in 0.00 seconds
2025-03-25 15:22:07,724 - INFO - [Feature Definition START] [MEMORY] GPU Memory: 0.0MB / 8191.5MB (0.0%) | Peak: 0.0MB | Process Memory: 451.0MB | System Memory: 13.8GB / 63.7GB (21.7%)
2025-03-25 15:22:07,726 - INFO - [Feature Definition END] [MEMORY] GPU Memory: 0.0MB / 8191.5MB (0.0%) | Peak: 0.0MB | Process Memory: 451.0MB | System Memory: 13.8GB / 63.7GB (21.7%)
2025-03-25 15:22:07,726 - INFO - [TIMING] Feature Definition completed in 0.00 seconds
2025-03-25 15:22:07,726 - INFO - 输入特征列表: ['surface_net_solar_radiation_mean', 'surface_pressure_mean', 'temperature_2m_mean', 'u_component_of_wind_10m_mean', 'v_component_of_wind_10m_mean', 'volumetric_soil_water_layer_1_mean', 'volumetric_soil_water_layer_2_mean', 'temperature_2m_min', 'temperature_2m_max', 'total_precipitation_sum', 'potential_evaporation_sum', 'Qout'] (维度: 12)
2025-03-25 15:22:07,726 - INFO - 属性特征列表: ['pre_mm_syr', 'pet_mean', 'aridity', 'seasonality', 'high_prec_freq', 'crp_pc_sse', 'for_pc_sse', 'urb_pc_sse', 'wet_pc_s01', 'nli_ix_sav', 'pop_ct_usu', 'dis_m3_pyr', 'run_mm_syr', 'cly_pc_sav', 'soc_th_sav', 'ele_mt_sav', 'slp_dg_sav', 'sgr_dk_sav', 'moisture_index', 'ero_kh_sav'] (维度: 20)
2025-03-25 15:22:07,727 - INFO - [Device Setup START] [MEMORY] GPU Memory: 0.0MB / 8191.5MB (0.0%) | Peak: 0.0MB | Process Memory: 451.0MB | System Memory: 13.8GB / 63.7GB (21.7%)
2025-03-25 15:22:07,728 - INFO - 使用设备：cuda
2025-03-25 15:22:07,728 - INFO - CUDA Device 0: NVIDIA GeForce RTX 3060 Ti
2025-03-25 15:22:07,728 - INFO -   Total Memory: 8.00 GB
2025-03-25 15:22:07,728 - INFO -   CUDA Capability: 8.6
2025-03-25 15:22:07,730 - INFO - [Device Setup END] [MEMORY] GPU Memory: 0.0MB / 8191.5MB (0.0%) | Peak: 0.0MB | Process Memory: 451.1MB | System Memory: 13.8GB / 63.7GB (21.7%)
2025-03-25 15:22:07,730 - INFO - [TIMING] Device Setup completed in 0.00 seconds
2025-03-25 15:22:07,731 - INFO - [Loading Daily Data START] [MEMORY] GPU Memory: 0.0MB / 8191.5MB (0.0%) | Peak: 0.0MB | Process Memory: 451.1MB | System Memory: 13.8GB / 63.7GB (21.7%)
2025-03-25 15:22:33,434 - INFO - 日尺度数据基本信息：
2025-03-25 15:22:33,435 - INFO -   数据形状: (13325975, 43)
2025-03-25 15:22:33,435 - INFO -   列名: ['date', 'snow_depth_water_equivalent_mean', 'surface_net_solar_radiation_mean', 'surface_net_thermal_radiation_mean', 'surface_pressure_mean', 'temperature_2m_mean', 'dewpoint_temperature_2m_mean', 'u_component_of_wind_10m_mean', 'v_component_of_wind_10m_mean', 'volumetric_soil_water_layer_1_mean', 'volumetric_soil_water_layer_2_mean', 'volumetric_soil_water_layer_3_mean', 'volumetric_soil_water_layer_4_mean', 'snow_depth_water_equivalent_min', 'surface_net_solar_radiation_min', 'surface_net_thermal_radiation_min', 'surface_pressure_min', 'temperature_2m_min', 'dewpoint_temperature_2m_min', 'u_component_of_wind_10m_min', 'v_component_of_wind_10m_min', 'volumetric_soil_water_layer_1_min', 'volumetric_soil_water_layer_2_min', 'volumetric_soil_water_layer_3_min', 'volumetric_soil_water_layer_4_min', 'snow_depth_water_equivalent_max', 'surface_net_solar_radiation_max', 'surface_net_thermal_radiation_max', 'surface_pressure_max', 'temperature_2m_max', 'dewpoint_temperature_2m_max', 'u_component_of_wind_10m_max', 'v_component_of_wind_10m_max', 'volumetric_soil_water_layer_1_max', 'volumetric_soil_water_layer_2_max', 'volumetric_soil_water_layer_3_max', 'volumetric_soil_water_layer_4_max', 'total_precipitation_sum', 'potential_evaporation_sum', 'Qout', 'COMID', 'TP', 'TN']
2025-03-25 15:22:33,436 - INFO - [Loading Daily Data END] [MEMORY] GPU Memory: 0.0MB / 8191.5MB (0.0%) | Peak: 0.0MB | Process Memory: 4925.9MB | System Memory: 18.2GB / 63.7GB (28.5%)
2025-03-25 15:22:33,436 - INFO - [TIMING] Loading Daily Data completed in 25.70 seconds
2025-03-25 15:22:33,437 - INFO - [Loading River Attributes START] [MEMORY] GPU Memory: 0.0MB / 8191.5MB (0.0%) | Peak: 0.0MB | Process Memory: 4925.9MB | System Memory: 18.2GB / 63.7GB (28.5%)
2025-03-25 15:22:33,569 - INFO - 
2025-03-25 15:22:33,569 - INFO - 河段属性数据基本信息：
2025-03-25 15:22:33,570 - INFO -   数据形状: (7825, 224)
2025-03-25 15:22:33,570 - INFO -   列名: ['COMID', 'lengthkm', 'lengthdir', 'sinuosity', 'slope', 'uparea', 'order_', 'strmDrop_t', 'slope_taud', 'NextDownID', 'maxup', 'up1', 'up2', 'up3', 'up4', 'p_mean', 'pet_mean', 'aridity', 'frac_snow', 'moisture_index', 'seasonality', 'high_prec_freq', 'high_prec_dur', 'low_prec_freq', 'low_prec_dur', 'sgr_dk_sav', 'glc_pc_s06', 'glc_pc_s07', 'nli_ix_sav', 'glc_pc_s04', 'glc_pc_s05', 'glc_pc_s02', 'glc_pc_s03', 'glc_pc_s01', 'pet_mm_syr', 'glc_pc_s08', 'glc_pc_s09', 'swc_pc_s09', 'ele_mt_smx', 'tbi_cl_smj', 'swc_pc_s01', 'swc_pc_s02', 'swc_pc_s03', 'swc_pc_s04', 'swc_pc_s05', 'swc_pc_s06', 'swc_pc_s07', 'swc_pc_s08', 'crp_pc_sse', 'glc_pc_s22', 'glc_pc_s20', 'glc_pc_s21', 'wet_pc_sg1', 'wet_pc_sg2', 'pac_pc_sse', 'swc_pc_s10', 'swc_pc_s11', 'swc_pc_s12', 'clz_cl_smj', 'gwt_cm_sav', 'glc_pc_s17', 'glc_pc_s18', 'hft_ix_s93', 'glc_pc_s15', 'ire_pc_sse', 'glc_pc_s16', 'glc_pc_s13', 'prm_pc_sse', 'glc_pc_s14', 'glc_pc_s11', 'glc_pc_s12', 'glc_pc_s10', 'kar_pc_sse', 'slp_dg_sav', 'glc_pc_s19', 'tmp_dc_s07', 'tmp_dc_s08', 'tmp_dc_s05', 'tmp_dc_s06', 'tmp_dc_s09', 'for_pc_sse', 'aet_mm_s06', 'aet_mm_s05', 'aet_mm_s08', 'aet_mm_s07', 'aet_mm_s09', 'tmp_dc_s10', 'tmp_dc_s11', 'aet_mm_s02', 'aet_mm_s01', 'tmp_dc_s12', 'aet_mm_s04', 'aet_mm_s03', 'lit_cl_smj', 'tmp_dc_s03', 'tmp_dc_s04', 'tmp_dc_s01', 'tmp_dc_s02', 'cls_cl_smj', 'pre_mm_syr', 'pnv_pc_s01', 'pnv_pc_s04', 'pnv_pc_s05', 'pnv_pc_s02', 'rdd_mk_sav', 'ele_mt_smn', 'pnv_pc_s03', 'pnv_pc_s08', 'pnv_pc_s09', 'pnv_pc_s06', 'pnv_pc_s07', 'wet_cl_smj', 'snw_pc_syr', 'pnv_pc_s11', 'pnv_pc_s12', 'pnv_pc_s10', 'pnv_pc_s15', 'pnv_pc_s13', 'pnv_pc_s14', 'cmi_ix_syr', 'pet_mm_s11', 'pet_mm_s12', 'pet_mm_s10', 'tmp_dc_smn', 'wet_pc_s08', 'wet_pc_s09', 'slt_pc_sav', 'wet_pc_s02', 'wet_pc_s03', 'wet_pc_s01', 'hdi_ix_sav', 'wet_pc_s06', 'wet_pc_s07', 'wet_pc_s04', 'wet_pc_s05', 'fec_cl_smj', 'glc_cl_smj', 'swc_pc_syr', 'hft_ix_s09', 'soc_th_sav', 'gdp_ud_sav', 'gdp_ud_ssu', 'tmp_dc_smx', 'cly_pc_sav', 'pet_mm_s02', 'pet_mm_s03', 'pet_mm_s01', 'snw_pc_smx', 'ppd_pk_sav', 'pet_mm_s08', 'aet_mm_s11', 'pet_mm_s09', 'aet_mm_s10', 'pet_mm_s06', 'pet_mm_s07', 'aet_mm_s12', 'pet_mm_s04', 'pet_mm_s05', 'inu_pc_slt', 'ero_kh_sav', 'aet_mm_syr', 'cmi_ix_s10', 'cmi_ix_s11', 'cmi_ix_s12', 'ari_ix_sav', 'tmp_dc_syr', 'tec_cl_smj', 'fmh_cl_smj', 'inu_pc_smn', 'pnv_cl_smj', 'pre_mm_s08', 'pre_mm_s09', 'run_mm_syr', 'pre_mm_s06', 'pre_mm_s07', 'pre_mm_s04', 'pre_mm_s05', 'snd_pc_sav', 'pre_mm_s02', 'pre_mm_s03', 'ele_mt_sav', 'pre_mm_s01', 'urb_pc_sse', 'lka_pc_sse', 'pre_mm_s10', 'snw_pc_s01', 'snw_pc_s02', 'snw_pc_s03', 'snw_pc_s04', 'snw_pc_s05', 'snw_pc_s06', 'gla_pc_sse', 'snw_pc_s07', 'snw_pc_s08', 'snw_pc_s09', 'inu_pc_smx', 'pre_mm_s11', 'pre_mm_s12', 'cmi_ix_s07', 'cmi_ix_s08', 'cmi_ix_s05', 'cmi_ix_s06', 'cmi_ix_s09', 'snw_pc_s10', 'snw_pc_s11', 'snw_pc_s12', 'cmi_ix_s03', 'cmi_ix_s04', 'cmi_ix_s01', 'cmi_ix_s02', 'pst_pc_sse', 'dis_m3_pmn', 'dis_m3_pmx', 'dis_m3_pyr', 'lkv_mc_usu', 'rev_mc_usu', 'ria_ha_usu', 'riv_tc_usu', 'pop_ct_usu', 'dor_pc_pva', 'area', 'area_fraction_used_for_aggregation', 'WQ_exist', 'ERA5_exist']
2025-03-25 15:22:33,571 - INFO - [Loading River Attributes END] [MEMORY] GPU Memory: 0.0MB / 8191.5MB (0.0%) | Peak: 0.0MB | Process Memory: 4942.3MB | System Memory: 18.2GB / 63.7GB (28.6%)
2025-03-25 15:22:33,572 - INFO - [TIMING] Loading River Attributes completed in 0.13 seconds
2025-03-25 15:22:33,573 - INFO - [Extracting River Network Info START] [MEMORY] GPU Memory: 0.0MB / 8191.5MB (0.0%) | Peak: 0.0MB | Process Memory: 4942.3MB | System Memory: 18.2GB / 63.7GB (28.6%)
2025-03-25 15:22:33,580 - INFO - [Extracting River Network Info END] [MEMORY] GPU Memory: 0.0MB / 8191.5MB (0.0%) | Peak: 0.0MB | Process Memory: 4944.4MB | System Memory: 18.2GB / 63.7GB (28.6%)
2025-03-25 15:22:33,581 - INFO - [TIMING] Extracting River Network Info completed in 0.01 seconds
2025-03-25 15:22:33,582 - INFO - [Iterative Training Process START] [MEMORY] GPU Memory: 0.0MB / 8191.5MB (0.0%) | Peak: 0.0MB | Process Memory: 4944.4MB | System Memory: 18.2GB / 63.7GB (28.6%)
2025-03-25 15:22:33,584 - INFO - Memory tracking started (interval: 10s)
2025-03-25 15:22:33,587 - INFO - [Training Start] [MEMORY] GPU Memory: 0.0MB / 8191.5MB (0.0%) | Peak: 0.0MB | Process Memory: 4944.6MB | System Memory: 18.2GB / 63.7GB (28.6%)
2025-03-25 15:22:33,587 - INFO - Flow routing results will be saved to flow_results
2025-03-25 15:22:33,587 - INFO - Models will be saved to models
2025-03-25 15:22:33,587 - INFO - Starting from initial training (iteration 0) with model version v1
2025-03-25 15:22:33,588 - INFO - Starting from initial training (iteration 0) with model version v1
2025-03-25 15:22:33,588 - INFO - 选择头部河段进行初始模型训练。
2025-03-25 15:22:33,590 - INFO - [Building Attribute Dictionary START] [MEMORY] GPU Memory: 0.0MB / 8191.5MB (0.0%) | Peak: 0.0MB | Process Memory: 4944.6MB | System Memory: 18.2GB / 63.7GB (28.6%)
2025-03-25 15:22:34,910 - INFO - [Building Attribute Dictionary END] [MEMORY] GPU Memory: 0.0MB / 8191.5MB (0.0%) | Peak: 0.0MB | Process Memory: 8397.0MB | System Memory: 21.6GB / 63.7GB (33.9%)
2025-03-25 15:22:34,911 - INFO - [TIMING] Building Attribute Dictionary completed in 1.32 seconds
2025-03-25 15:22:34,911 - INFO - [Finding Head Stations START] [MEMORY] GPU Memory: 0.0MB / 8191.5MB (0.0%) | Peak: 0.0MB | Process Memory: 8397.0MB | System Memory: 21.6GB / 63.7GB (33.9%)
2025-03-25 15:22:34,956 - INFO -   选择的头部河段数量：27
2025-03-25 15:22:34,958 - INFO - [Finding Head Stations END] [MEMORY] GPU Memory: 0.0MB / 8191.5MB (0.0%) | Peak: 0.0MB | Process Memory: 8397.7MB | System Memory: 21.6GB / 63.7GB (33.9%)
2025-03-25 15:22:34,958 - INFO - [TIMING] Finding Head Stations completed in 0.05 seconds
2025-03-25 15:22:34,958 - INFO - 构造初始训练数据（滑窗切片）......
2025-03-25 15:22:34,959 - INFO - [Building Sliding Windows START] [MEMORY] GPU Memory: 0.0MB / 8191.5MB (0.0%) | Peak: 0.0MB | Process Memory: 8397.7MB | System Memory: 21.6GB / 63.7GB (33.9%)
2025-03-25 15:22:36,065 - INFO - [Building Sliding Windows END] [MEMORY] GPU Memory: 0.0MB / 8191.5MB (0.0%) | Peak: 0.0MB | Process Memory: 8452.3MB | System Memory: 21.7GB / 63.7GB (34.0%)
2025-03-25 15:22:36,065 - INFO - [TIMING] Building Sliding Windows completed in 1.11 seconds
2025-03-25 15:22:36,065 - INFO - X_ts_all.shape =
2025-03-25 15:22:36,066 - INFO - (34413, 10, 39)
2025-03-25 15:22:36,066 - INFO - Y.shape        =
2025-03-25 15:22:36,066 - INFO - (34413,)
2025-03-25 15:22:36,066 - INFO - COMID.shape    =
2025-03-25 15:22:36,067 - INFO - (34413,)
2025-03-25 15:22:36,067 - INFO - Date.shape     =
2025-03-25 15:22:36,067 - INFO - (34413,)
2025-03-25 15:22:36,068 - INFO - [Saving Training Data START] [MEMORY] GPU Memory: 0.0MB / 8191.5MB (0.0%) | Peak: 0.0MB | Process Memory: 8452.3MB | System Memory: 21.7GB / 63.7GB (34.0%)
2025-03-25 15:22:36,136 - INFO - 训练数据保存成功！
2025-03-25 15:22:36,138 - INFO - [Saving Training Data END] [MEMORY] GPU Memory: 0.0MB / 8191.5MB (0.0%) | Peak: 0.0MB | Process Memory: 8452.5MB | System Memory: 21.7GB / 63.7GB (34.1%)
2025-03-25 15:22:36,138 - INFO - [TIMING] Saving Training Data completed in 0.07 seconds
2025-03-25 15:22:36,140 - INFO - [Data Standardization START] [MEMORY] GPU Memory: 0.0MB / 8191.5MB (0.0%) | Peak: 0.0MB | Process Memory: 8452.5MB | System Memory: 21.7GB / 63.7GB (34.1%)
2025-03-25 15:22:36,330 - INFO - [After Standardization] [MEMORY] GPU Memory: 0.0MB / 8191.5MB (0.0%) | Peak: 0.0MB | Process Memory: 8454.4MB | System Memory: 21.7GB / 63.7GB (34.1%)
2025-03-25 15:22:36,332 - INFO - [Data Standardization END] [MEMORY] GPU Memory: 0.0MB / 8191.5MB (0.0%) | Peak: 0.0MB | Process Memory: 8454.4MB | System Memory: 21.7GB / 63.7GB (34.1%)
2025-03-25 15:22:36,332 - INFO - [TIMING] Data Standardization completed in 0.19 seconds
2025-03-25 15:22:36,333 - INFO - [Train/Validation Split START] [MEMORY] GPU Memory: 0.0MB / 8191.5MB (0.0%) | Peak: 0.0MB | Process Memory: 8454.4MB | System Memory: 21.7GB / 63.7GB (34.1%)
2025-03-25 15:22:36,350 - INFO - [Train/Validation Split END] [MEMORY] GPU Memory: 0.0MB / 8191.5MB (0.0%) | Peak: 0.0MB | Process Memory: 8505.7MB | System Memory: 21.8GB / 63.7GB (34.2%)
2025-03-25 15:22:36,351 - INFO - [TIMING] Train/Validation Split completed in 0.02 seconds
2025-03-25 15:22:36,351 - INFO - 初始模型 A₀ 训练：头部河段训练数据构造完毕。
2025-03-25 15:22:36,352 - INFO - [Model Creation START] [MEMORY] GPU Memory: 0.0MB / 8191.5MB (0.0%) | Peak: 0.0MB | Process Memory: 8505.7MB | System Memory: 21.8GB / 63.7GB (34.2%)
2025-03-25 15:22:36,354 - INFO - [Model Init] [MEMORY] GPU Memory: 0.0MB / 8191.5MB (0.0%) | Peak: 0.0MB | Process Memory: 8505.7MB | System Memory: 21.8GB / 63.7GB (34.2%)
2025-03-25 15:22:36,356 - INFO - Model architecture initialized:
2025-03-25 15:22:36,356 - INFO -  - LSTM: input_dim=39, hidden_size=64, num_layers=1
2025-03-25 15:22:36,356 - INFO -  - Attribute network: attr_dim=20, fc_dim=32
2025-03-25 15:22:36,357 - INFO -  - Output dimension: 1
2025-03-25 15:22:36,357 - INFO - Total parameters: 28,705
2025-03-25 15:22:36,449 - INFO - Model moved to cuda
2025-03-25 15:22:36,490 - INFO - Model tested on cuda with dummy input
2025-03-25 15:22:36,491 - INFO - Parameter devices:
2025-03-25 15:22:36,491 - INFO -  - lstm.weight_ih_l0: cuda:0
2025-03-25 15:22:36,491 - INFO -  - lstm.weight_hh_l0: cuda:0
2025-03-25 15:22:36,491 - INFO -  - lstm.bias_ih_l0: cuda:0
2025-03-25 15:22:36,491 - INFO -  - lstm.bias_hh_l0: cuda:0
2025-03-25 15:22:36,492 - INFO -  - attr_fc.0.weight: cuda:0
2025-03-25 15:22:36,492 - INFO -  - attr_fc.0.bias: cuda:0
2025-03-25 15:22:36,492 - INFO -  - attr_fc.2.weight: cuda:0
2025-03-25 15:22:36,492 - INFO -  - attr_fc.2.bias: cuda:0
2025-03-25 15:22:36,492 - INFO -  - final_fc.weight: cuda:0
2025-03-25 15:22:36,493 - INFO -  - final_fc.bias: cuda:0
2025-03-25 15:22:36,494 - INFO - [Model Created] [MEMORY] GPU Memory: 8.2MB / 8191.5MB (0.1%) | Peak: 9.2MB | Process Memory: 8643.3MB | System Memory: 21.9GB / 63.7GB (34.4%)
2025-03-25 15:22:36,495 - INFO - [Model Creation END] [MEMORY] GPU Memory: 8.2MB / 8191.5MB (0.1%) | Peak: 9.2MB | Process Memory: 8643.3MB | System Memory: 21.9GB / 63.7GB (34.4%)
2025-03-25 15:22:36,496 - INFO - [TIMING] Model Creation completed in 0.14 seconds
2025-03-25 15:22:36,497 - INFO - [Model Loading START] [MEMORY] GPU Memory: 8.2MB / 8191.5MB (0.1%) | Peak: 9.2MB | Process Memory: 8643.3MB | System Memory: 21.9GB / 63.7GB (34.4%)
2025-03-25 15:22:36,498 - INFO - [Model Loading START] [MEMORY] GPU Memory: 8.2MB / 8191.5MB (0.1%) | Peak: 9.2MB | Process Memory: 8643.3MB | System Memory: 21.9GB / 63.7GB (34.4%)
2025-03-25 15:22:36,499 - ERROR - D:\PGRWQ\src_PGRWQ\model_training\models.py:418: FutureWarning: You are using `torch.load` with `weights_only=False` (the current default value), which uses the default pickle module implicitly. It is possible to construct malicious pickle data which will execute arbitrary code during unpickling (See https://github.com/pytorch/pytorch/blob/main/SECURITY.md#untrusted-models for more details). In a future release, the default value for `weights_only` will be flipped to `True`. This limits the functions that could be executed during unpickling. Arbitrary objects will no longer be allowed to be loaded via this mode unless they are explicitly allowlisted by the user via `torch.serialization.add_safe_globals`. We recommend you start setting `weights_only=True` for any use case where you don't have full control of the loaded file. Please open an issue on GitHub for any issues related to this experimental feature.
2025-03-25 15:22:36,499 - ERROR -   self.base_model.load_state_dict(torch.load(path))
2025-03-25 15:22:36,503 - INFO - [Model Loaded] [MEMORY] GPU Memory: 8.2MB / 8191.5MB (0.1%) | Peak: 9.2MB | Process Memory: 8643.8MB | System Memory: 21.9GB / 63.7GB (34.4%)
2025-03-25 15:22:36,504 - INFO - [Model Loading END] [MEMORY] GPU Memory: 8.2MB / 8191.5MB (0.1%) | Peak: 9.2MB | Process Memory: 8643.8MB | System Memory: 21.9GB / 63.7GB (34.4%)
2025-03-25 15:22:36,505 - INFO - [TIMING] Model Loading completed in 0.01 seconds
2025-03-25 15:22:36,505 - INFO - 模型加载成功：models/model_initial_A0_v1.pth
2025-03-25 15:22:36,506 - INFO - [Model Loading END] [MEMORY] GPU Memory: 8.2MB / 8191.5MB (0.1%) | Peak: 9.2MB | Process Memory: 8643.8MB | System Memory: 21.9GB / 63.7GB (34.4%)
2025-03-25 15:22:36,506 - INFO - [TIMING] Model Loading completed in 0.01 seconds
2025-03-25 15:22:36,506 - INFO - 初始汇流计算：使用 A₀ 进行预测。
2025-03-25 15:22:36,508 - INFO - [Flow Routing Calculation START] [MEMORY] GPU Memory: 8.2MB / 8191.5MB (0.1%) | Peak: 9.2MB | Process Memory: 8643.8MB | System Memory: 21.9GB / 63.7GB (34.4%)
2025-03-25 15:22:37,515 - INFO - ===== MODEL DEVICE CHECK =====
2025-03-25 15:22:37,516 - INFO - Model is on device: cuda:0
2025-03-25 15:22:37,516 - INFO - Model type: <class 'model_training.models.MultiBranchModel'>
2025-03-25 15:22:37,516 - INFO - ===============================
2025-03-25 15:22:37,727 - INFO - [Periodic Check] [MEMORY] GPU Memory: 8.2MB / 8191.5MB (0.1%) | Peak: 9.2MB | Process Memory: 13986.3MB | System Memory: 27.1GB / 63.7GB (42.6%)
2025-03-25 15:22:38,324 - INFO - Flow routing calculation for iteration 0 started
2025-03-25 15:22:40,859 - INFO - 标识出 1244 个缺失数据的河段
2025-03-25 15:22:40,868 - INFO - 在河网拓扑中绕过了 2075 个缺失数据的河段
2025-03-25 15:22:40,868 - INFO - Temperature data available, will apply temperature adjustment
2025-03-25 15:22:48,407 - INFO - 将保存E值到目录: flow_results/E_values_v1
2025-03-25 15:22:48,408 - INFO - 使用模型计算河段E值 (iteration 0)
2025-03-25 15:22:48,408 - INFO - Processing 7825 river segments in batches...
2025-03-25 15:22:48,412 - INFO - Processing river segments for iteration 0:   0%|       | 0/7825 [00:00<?, ?it/s]
2025-03-25 15:22:58,437 - INFO - Processing river segments for iteration 0:   0%|       | 0/7825 [00:10<?, ?it/s]
2025-03-25 15:23:07,768 - INFO - [Periodic Check] [MEMORY] GPU Memory: 8.2MB / 8191.5MB (0.1%) | Peak: 9.2MB | Process Memory: 22841.6MB | System Memory: 35.9GB / 63.7GB (56.3%)
2025-03-25 15:23:32,924 - INFO - [GPU Batch Processing START] [MEMORY] GPU Memory: 8.2MB / 8191.5MB (0.1%) | Peak: 9.2MB | Process Memory: 24204.5MB | System Memory: 37.2GB / 63.7GB (58.4%)
2025-03-25 15:23:34,476 - INFO - 处理 822 个河段，共 1392468 个预测点
2025-03-25 15:23:34,477 - INFO - [Batch Prediction START] [MEMORY] GPU Memory: 8.2MB / 8191.5MB (0.1%) | Peak: 9.2MB | Process Memory: 26382.4MB | System Memory: 39.4GB / 63.7GB (61.8%)
2025-03-25 15:23:34,478 - INFO - Starting with batch size: 436453 (estimated 2047.87MB)
2025-03-25 15:23:34,479 - INFO - [Prediction Start] Processing 1392468 samples[MEMORY] GPU Memory: 8.2MB / 8191.5MB (0.1%) | Peak: 9.2MB | Process Memory: 26382.4MB | System Memory: 39.4GB / 63.7GB (61.8%)
2025-03-25 15:23:37,781 - INFO - [Periodic Check] [MEMORY] GPU Memory: 26726.5MB / 8191.5MB (326.3%) | Peak: 26726.5MB | Process Memory: 40879.5MB | System Memory: 53.5GB / 63.7GB (83.9%)
2025-03-25 15:23:54,168 - INFO - Processed 1392468/1392468 samples (100.0%)
2025-03-25 15:23:54,171 - INFO - [Batch Prediction END] [MEMORY] GPU Memory: 8.6MB / 8191.5MB (0.1%) | Peak: 26728.1MB | Process Memory: 26415.3MB | System Memory: 37.8GB / 63.7GB (59.3%)
2025-03-25 15:23:54,171 - INFO - [TIMING] Batch Prediction completed in 19.69 seconds
2025-03-25 15:23:54,445 - INFO - After cleanup: 8.2MB allocated, 22.0MB reserved
2025-03-25 15:23:54,447 - INFO - [GPU Batch Processing END] [MEMORY] GPU Memory: 8.2MB / 8191.5MB (0.1%) | Peak: 26728.1MB | Process Memory: 24237.4MB | System Memory: 35.6GB / 63.7GB (55.9%)
2025-03-25 15:23:54,447 - INFO - [TIMING] GPU Batch Processing completed in 21.52 seconds
2025-03-25 15:24:04,995 - INFO - Qout存在负值，comid=43018325
2025-03-25 15:24:05,005 - INFO - 0.0017615971814445098
2025-03-25 15:24:05,006 - INFO - Processing river segments for iteration 0:   0%|       | 0/7825 [01:16<?, ?it/s]
2025-03-25 15:24:05,165 - INFO - [Flow Routing Calculation END] [MEMORY] GPU Memory: 8.2MB / 8191.5MB (0.1%) | Peak: 26728.1MB | Process Memory: 18361.4MB | System Memory: 29.8GB / 63.7GB (46.8%)
2025-03-25 15:24:05,165 - INFO - [TIMING] Flow Routing Calculation completed in 88.66 seconds
2025-03-25 15:24:05,167 - INFO - [Iterative Training Process END] [MEMORY] GPU Memory: 8.2MB / 8191.5MB (0.1%) | Peak: 26728.1MB | Process Memory: 18361.4MB | System Memory: 29.8GB / 63.7GB (46.8%)
2025-03-25 15:24:05,167 - INFO - [TIMING] Iterative Training Process completed in 91.58 seconds
2025-03-25 15:24:05,168 - INFO - [PGRWQ Training Pipeline END] [MEMORY] GPU Memory: 8.2MB / 8191.5MB (0.1%) | Peak: 26728.1MB | Process Memory: 18361.5MB | System Memory: 29.8GB / 63.7GB (46.8%)
2025-03-25 15:24:05,168 - INFO - [TIMING] PGRWQ Training Pipeline completed in 117.46 seconds
2025-03-25 15:24:05,168 - INFO - Training process completed
